<?xml version="1.0" encoding="UTF-8"?>
<testsuite xmlns:xsi="http://www.w3.org/2001/XMLSchema-instance" xsi:noNamespaceSchemaLocation="https://maven.apache.org/surefire/maven-surefire-plugin/xsd/surefire-test-report.xsd" name="ru.ilb.debtaccounting.testcase.ValueConverterTest" time="0.015" tests="2" errors="0" skipped="0" failures="0">
  <properties>
    <property name="awt.toolkit" value="sun.awt.X11.XToolkit"/>
    <property name="file.encoding.pkg" value="sun.io"/>
    <property name="java.specification.version" value="1.8"/>
    <property name="sun.cpu.isalist" value=""/>
    <property name="sun.jnu.encoding" value="UTF-8"/>
    <property name="java.class.path" value="/home/safargalin/work/debtaccounting/debtaccounting-testcase/target/test-classes:/home/safargalin/work/debtaccounting/debtaccounting-testcase/target/classes:/home/safargalin/.m2/repository/com/github/miachm/sods/SODS/1.2.1/SODS-1.2.1.jar:/home/safargalin/.m2/repository/org/apache/cxf/cxf-rt-rs-json-basic/3.3.6/cxf-rt-rs-json-basic-3.3.6.jar:/home/safargalin/.m2/repository/org/apache/cxf/cxf-core/3.3.6/cxf-core-3.3.6.jar:/home/safargalin/.m2/repository/org/glassfish/jaxb/jaxb-runtime/2.3.1/jaxb-runtime-2.3.1.jar:/home/safargalin/.m2/repository/org/glassfish/jaxb/txw2/2.3.1/txw2-2.3.1.jar:/home/safargalin/.m2/repository/com/sun/istack/istack-commons-runtime/3.0.7/istack-commons-runtime-3.0.7.jar:/home/safargalin/.m2/repository/org/jvnet/staxex/stax-ex/1.8/stax-ex-1.8.jar:/home/safargalin/.m2/repository/com/sun/xml/fastinfoset/FastInfoset/1.2.15/FastInfoset-1.2.15.jar:/home/safargalin/.m2/repository/javax/activation/javax.activation-api/1.2.0/javax.activation-api-1.2.0.jar:/home/safargalin/.m2/repository/com/fasterxml/woodstox/woodstox-core/5.0.3/woodstox-core-5.0.3.jar:/home/safargalin/.m2/repository/org/codehaus/woodstox/stax2-api/3.1.4/stax2-api-3.1.4.jar:/home/safargalin/.m2/repository/org/apache/ws/xmlschema/xmlschema-core/2.2.5/xmlschema-core-2.2.5.jar:/home/safargalin/.m2/repository/jakarta/xml/bind/jakarta.xml.bind-api/2.3.2/jakarta.xml.bind-api-2.3.2.jar:/home/safargalin/.m2/repository/jakarta/activation/jakarta.activation-api/1.2.1/jakarta.activation-api-1.2.1.jar:/home/safargalin/.m2/repository/org/junit/jupiter/junit-jupiter-api/5.3.2/junit-jupiter-api-5.3.2.jar:/home/safargalin/.m2/repository/org/apiguardian/apiguardian-api/1.0.0/apiguardian-api-1.0.0.jar:/home/safargalin/.m2/repository/org/opentest4j/opentest4j/1.1.1/opentest4j-1.1.1.jar:/home/safargalin/.m2/repository/org/junit/platform/junit-platform-commons/1.3.2/junit-platform-commons-1.3.2.jar:/home/safargalin/.m2/repository/org/junit/jupiter/junit-jupiter-params/5.3.2/junit-jupiter-params-5.3.2.jar:/home/safargalin/.m2/repository/org/junit/jupiter/junit-jupiter-engine/5.3.2/junit-jupiter-engine-5.3.2.jar:/home/safargalin/.m2/repository/org/junit/platform/junit-platform-engine/1.3.2/junit-platform-engine-1.3.2.jar:/home/safargalin/.m2/repository/ru/ilb/debtaccounting/debtaccounting-service/1.1-SNAPSHOT/debtaccounting-service-1.1-SNAPSHOT.jar:/home/safargalin/.m2/repository/ru/ilb/debtaccounting/debtaccounting-model/1.1-SNAPSHOT/debtaccounting-model-1.1-SNAPSHOT.jar:/home/safargalin/.m2/repository/org/eclipse/persistence/org.eclipse.persistence.moxy/2.7.6/org.eclipse.persistence.moxy-2.7.6.jar:/home/safargalin/.m2/repository/org/eclipse/persistence/org.eclipse.persistence.core/2.7.6/org.eclipse.persistence.core-2.7.6.jar:/home/safargalin/.m2/repository/org/eclipse/persistence/org.eclipse.persistence.asm/2.7.6/org.eclipse.persistence.asm-2.7.6.jar:/home/safargalin/.m2/repository/ru/ilb/debtaccounting/debtaccounting-money/1.1-SNAPSHOT/debtaccounting-money-1.1-SNAPSHOT.jar:/home/safargalin/.m2/repository/ru/ilb/debtaccounting/debtaccounting-persistance/1.1-SNAPSHOT/debtaccounting-persistance-1.1-SNAPSHOT.jar:/home/safargalin/.m2/repository/ru/ilb/debtaccounting/debtaccounting-model-loan/1.1-SNAPSHOT/debtaccounting-model-loan-1.1-SNAPSHOT.jar:/home/safargalin/.m2/repository/javax/inject/javax.inject/1/javax.inject-1.jar:/home/safargalin/.m2/repository/javax/validation/validation-api/2.0.1.Final/validation-api-2.0.1.Final.jar:/home/safargalin/.m2/repository/ru/ilb/debtaccounting/debtaccounting-psk/1.1-SNAPSHOT/debtaccounting-psk-1.1-SNAPSHOT.jar:/home/safargalin/.m2/repository/ru/ilb/debtaccounting/debtaccounting-utils/1.1-SNAPSHOT/debtaccounting-utils-1.1-SNAPSHOT.jar:/home/safargalin/.m2/repository/ru/ilb/debtaccounting/debtaccounting-platform/1.1-SNAPSHOT/debtaccounting-platform-1.1-SNAPSHOT.jar:/home/safargalin/.m2/repository/ru/ilb/debtaccounting/debtaccounting-eventhandler/1.1-SNAPSHOT/debtaccounting-eventhandler-1.1-SNAPSHOT.jar:/home/safargalin/.m2/repository/ru/ilb/debtaccounting/debtaccounting-repositories/1.1-SNAPSHOT/debtaccounting-repositories-1.1-SNAPSHOT.jar:/home/safargalin/.m2/repository/org/springframework/data/spring-data-jpa/2.1.11.RELEASE/spring-data-jpa-2.1.11.RELEASE.jar:/home/safargalin/.m2/repository/org/springframework/data/spring-data-commons/2.1.11.RELEASE/spring-data-commons-2.1.11.RELEASE.jar:/home/safargalin/.m2/repository/org/springframework/spring-orm/5.1.10.RELEASE/spring-orm-5.1.10.RELEASE.jar:/home/safargalin/.m2/repository/org/springframework/spring-jdbc/5.1.10.RELEASE/spring-jdbc-5.1.10.RELEASE.jar:/home/safargalin/.m2/repository/org/springframework/spring-context/5.1.10.RELEASE/spring-context-5.1.10.RELEASE.jar:/home/safargalin/.m2/repository/org/springframework/spring-expression/5.1.10.RELEASE/spring-expression-5.1.10.RELEASE.jar:/home/safargalin/.m2/repository/org/springframework/spring-aop/5.1.10.RELEASE/spring-aop-5.1.10.RELEASE.jar:/home/safargalin/.m2/repository/org/springframework/spring-tx/5.1.10.RELEASE/spring-tx-5.1.10.RELEASE.jar:/home/safargalin/.m2/repository/org/springframework/spring-beans/5.1.10.RELEASE/spring-beans-5.1.10.RELEASE.jar:/home/safargalin/.m2/repository/org/springframework/spring-core/5.1.10.RELEASE/spring-core-5.1.10.RELEASE.jar:/home/safargalin/.m2/repository/org/springframework/spring-jcl/5.1.10.RELEASE/spring-jcl-5.1.10.RELEASE.jar:/home/safargalin/.m2/repository/org/aspectj/aspectjrt/1.9.4/aspectjrt-1.9.4.jar:/home/safargalin/.m2/repository/org/slf4j/slf4j-api/1.7.28/slf4j-api-1.7.28.jar:/home/safargalin/.m2/repository/javax/ws/rs/javax.ws.rs-api/2.1.1/javax.ws.rs-api-2.1.1.jar:/home/safargalin/.m2/repository/ru/ilb/debtaccounting/debtaccounting-api/1.1-SNAPSHOT/debtaccounting-api-1.1-SNAPSHOT.jar:/home/safargalin/.m2/repository/ru/ilb/common/common-jaxb/1.33/common-jaxb-1.33.jar:/home/safargalin/.m2/repository/javax/xml/bind/jaxb-api/2.3.1/jaxb-api-2.3.1.jar:/home/safargalin/.m2/repository/com/migesok/jaxb-java-time-adapters/1.1.3/jaxb-java-time-adapters-1.1.3.jar:/home/safargalin/.m2/repository/org/apache/xmlgraphics/fop/2.2/fop-2.2.jar:/home/safargalin/.m2/repository/org/apache/xmlgraphics/xmlgraphics-commons/2.2/xmlgraphics-commons-2.2.jar:/home/safargalin/.m2/repository/org/apache/xmlgraphics/batik-svg-dom/1.9/batik-svg-dom-1.9.jar:/home/safargalin/.m2/repository/org/apache/xmlgraphics/batik-css/1.9/batik-css-1.9.jar:/home/safargalin/.m2/repository/org/apache/xmlgraphics/batik-dom/1.9/batik-dom-1.9.jar:/home/safargalin/.m2/repository/org/apache/xmlgraphics/batik-parser/1.9/batik-parser-1.9.jar:/home/safargalin/.m2/repository/org/apache/xmlgraphics/batik-util/1.9/batik-util-1.9.jar:/home/safargalin/.m2/repository/org/apache/xmlgraphics/batik-constants/1.9/batik-constants-1.9.jar:/home/safargalin/.m2/repository/org/apache/xmlgraphics/batik-i18n/1.9/batik-i18n-1.9.jar:/home/safargalin/.m2/repository/xml-apis/xml-apis/1.4.01/xml-apis-1.4.01.jar:/home/safargalin/.m2/repository/xml-apis/xml-apis-ext/1.3.04/xml-apis-ext-1.3.04.jar:/home/safargalin/.m2/repository/org/apache/xmlgraphics/batik-bridge/1.9/batik-bridge-1.9.jar:/home/safargalin/.m2/repository/org/apache/xmlgraphics/batik-anim/1.9/batik-anim-1.9.jar:/home/safargalin/.m2/repository/org/apache/xmlgraphics/batik-script/1.9/batik-script-1.9.jar:/home/safargalin/.m2/repository/org/apache/xmlgraphics/batik-xml/1.9/batik-xml-1.9.jar:/home/safargalin/.m2/repository/org/apache/xmlgraphics/batik-awt-util/1.9/batik-awt-util-1.9.jar:/home/safargalin/.m2/repository/org/apache/xmlgraphics/batik-gvt/1.9/batik-gvt-1.9.jar:/home/safargalin/.m2/repository/org/apache/xmlgraphics/batik-transcoder/1.9/batik-transcoder-1.9.jar:/home/safargalin/.m2/repository/org/apache/xmlgraphics/batik-svggen/1.9/batik-svggen-1.9.jar:/home/safargalin/.m2/repository/org/apache/xmlgraphics/batik-extension/1.9/batik-extension-1.9.jar:/home/safargalin/.m2/repository/org/apache/xmlgraphics/batik-ext/1.9/batik-ext-1.9.jar:/home/safargalin/.m2/repository/commons-logging/commons-logging/1.0.4/commons-logging-1.0.4.jar:/home/safargalin/.m2/repository/commons-io/commons-io/1.3.1/commons-io-1.3.1.jar:/home/safargalin/.m2/repository/org/apache/avalon/framework/avalon-framework-api/4.3.1/avalon-framework-api-4.3.1.jar:/home/safargalin/.m2/repository/org/apache/avalon/framework/avalon-framework-impl/4.3.1/avalon-framework-impl-4.3.1.jar:/home/safargalin/.m2/repository/org/apache/pdfbox/fontbox/2.0.4/fontbox-2.0.4.jar:/home/safargalin/.m2/repository/xalan/xalan/2.7.2/xalan-2.7.2.jar:/home/safargalin/.m2/repository/xalan/serializer/2.7.2/serializer-2.7.2.jar:/home/safargalin/.m2/repository/org/json/json/20180813/json-20180813.jar:"/>
    <property name="java.vm.vendor" value="Oracle Corporation"/>
    <property name="sun.arch.data.model" value="64"/>
    <property name="java.vendor.url" value="http://java.oracle.com/"/>
    <property name="user.timezone" value=""/>
    <property name="java.vm.specification.version" value="1.8"/>
    <property name="os.name" value="Linux"/>
    <property name="sun.java.launcher" value="SUN_STANDARD"/>
    <property name="user.country" value="RU"/>
    <property name="sun.boot.library.path" value="/opt/icedtea-bin-3.9.0/jre/lib/amd64"/>
    <property name="sun.java.command" value="/home/safargalin/work/debtaccounting/debtaccounting-testcase/target/surefire/surefirebooter6138736934079009657.jar /home/safargalin/work/debtaccounting/debtaccounting-testcase/target/surefire 2020-10-13T09-53-48_611-jvmRun1 surefire1560859758196884013tmp surefire_05104913236903477387tmp"/>
    <property name="surefire.test.class.path" value="/home/safargalin/work/debtaccounting/debtaccounting-testcase/target/test-classes:/home/safargalin/work/debtaccounting/debtaccounting-testcase/target/classes:/home/safargalin/.m2/repository/com/github/miachm/sods/SODS/1.2.1/SODS-1.2.1.jar:/home/safargalin/.m2/repository/org/apache/cxf/cxf-rt-rs-json-basic/3.3.6/cxf-rt-rs-json-basic-3.3.6.jar:/home/safargalin/.m2/repository/org/apache/cxf/cxf-core/3.3.6/cxf-core-3.3.6.jar:/home/safargalin/.m2/repository/org/glassfish/jaxb/jaxb-runtime/2.3.1/jaxb-runtime-2.3.1.jar:/home/safargalin/.m2/repository/org/glassfish/jaxb/txw2/2.3.1/txw2-2.3.1.jar:/home/safargalin/.m2/repository/com/sun/istack/istack-commons-runtime/3.0.7/istack-commons-runtime-3.0.7.jar:/home/safargalin/.m2/repository/org/jvnet/staxex/stax-ex/1.8/stax-ex-1.8.jar:/home/safargalin/.m2/repository/com/sun/xml/fastinfoset/FastInfoset/1.2.15/FastInfoset-1.2.15.jar:/home/safargalin/.m2/repository/javax/activation/javax.activation-api/1.2.0/javax.activation-api-1.2.0.jar:/home/safargalin/.m2/repository/com/fasterxml/woodstox/woodstox-core/5.0.3/woodstox-core-5.0.3.jar:/home/safargalin/.m2/repository/org/codehaus/woodstox/stax2-api/3.1.4/stax2-api-3.1.4.jar:/home/safargalin/.m2/repository/org/apache/ws/xmlschema/xmlschema-core/2.2.5/xmlschema-core-2.2.5.jar:/home/safargalin/.m2/repository/jakarta/xml/bind/jakarta.xml.bind-api/2.3.2/jakarta.xml.bind-api-2.3.2.jar:/home/safargalin/.m2/repository/jakarta/activation/jakarta.activation-api/1.2.1/jakarta.activation-api-1.2.1.jar:/home/safargalin/.m2/repository/org/junit/jupiter/junit-jupiter-api/5.3.2/junit-jupiter-api-5.3.2.jar:/home/safargalin/.m2/repository/org/apiguardian/apiguardian-api/1.0.0/apiguardian-api-1.0.0.jar:/home/safargalin/.m2/repository/org/opentest4j/opentest4j/1.1.1/opentest4j-1.1.1.jar:/home/safargalin/.m2/repository/org/junit/platform/junit-platform-commons/1.3.2/junit-platform-commons-1.3.2.jar:/home/safargalin/.m2/repository/org/junit/jupiter/junit-jupiter-params/5.3.2/junit-jupiter-params-5.3.2.jar:/home/safargalin/.m2/repository/org/junit/jupiter/junit-jupiter-engine/5.3.2/junit-jupiter-engine-5.3.2.jar:/home/safargalin/.m2/repository/org/junit/platform/junit-platform-engine/1.3.2/junit-platform-engine-1.3.2.jar:/home/safargalin/.m2/repository/ru/ilb/debtaccounting/debtaccounting-service/1.1-SNAPSHOT/debtaccounting-service-1.1-SNAPSHOT.jar:/home/safargalin/.m2/repository/ru/ilb/debtaccounting/debtaccounting-model/1.1-SNAPSHOT/debtaccounting-model-1.1-SNAPSHOT.jar:/home/safargalin/.m2/repository/org/eclipse/persistence/org.eclipse.persistence.moxy/2.7.6/org.eclipse.persistence.moxy-2.7.6.jar:/home/safargalin/.m2/repository/org/eclipse/persistence/org.eclipse.persistence.core/2.7.6/org.eclipse.persistence.core-2.7.6.jar:/home/safargalin/.m2/repository/org/eclipse/persistence/org.eclipse.persistence.asm/2.7.6/org.eclipse.persistence.asm-2.7.6.jar:/home/safargalin/.m2/repository/ru/ilb/debtaccounting/debtaccounting-money/1.1-SNAPSHOT/debtaccounting-money-1.1-SNAPSHOT.jar:/home/safargalin/.m2/repository/ru/ilb/debtaccounting/debtaccounting-persistance/1.1-SNAPSHOT/debtaccounting-persistance-1.1-SNAPSHOT.jar:/home/safargalin/.m2/repository/ru/ilb/debtaccounting/debtaccounting-model-loan/1.1-SNAPSHOT/debtaccounting-model-loan-1.1-SNAPSHOT.jar:/home/safargalin/.m2/repository/javax/inject/javax.inject/1/javax.inject-1.jar:/home/safargalin/.m2/repository/javax/validation/validation-api/2.0.1.Final/validation-api-2.0.1.Final.jar:/home/safargalin/.m2/repository/ru/ilb/debtaccounting/debtaccounting-psk/1.1-SNAPSHOT/debtaccounting-psk-1.1-SNAPSHOT.jar:/home/safargalin/.m2/repository/ru/ilb/debtaccounting/debtaccounting-utils/1.1-SNAPSHOT/debtaccounting-utils-1.1-SNAPSHOT.jar:/home/safargalin/.m2/repository/ru/ilb/debtaccounting/debtaccounting-platform/1.1-SNAPSHOT/debtaccounting-platform-1.1-SNAPSHOT.jar:/home/safargalin/.m2/repository/ru/ilb/debtaccounting/debtaccounting-eventhandler/1.1-SNAPSHOT/debtaccounting-eventhandler-1.1-SNAPSHOT.jar:/home/safargalin/.m2/repository/ru/ilb/debtaccounting/debtaccounting-repositories/1.1-SNAPSHOT/debtaccounting-repositories-1.1-SNAPSHOT.jar:/home/safargalin/.m2/repository/org/springframework/data/spring-data-jpa/2.1.11.RELEASE/spring-data-jpa-2.1.11.RELEASE.jar:/home/safargalin/.m2/repository/org/springframework/data/spring-data-commons/2.1.11.RELEASE/spring-data-commons-2.1.11.RELEASE.jar:/home/safargalin/.m2/repository/org/springframework/spring-orm/5.1.10.RELEASE/spring-orm-5.1.10.RELEASE.jar:/home/safargalin/.m2/repository/org/springframework/spring-jdbc/5.1.10.RELEASE/spring-jdbc-5.1.10.RELEASE.jar:/home/safargalin/.m2/repository/org/springframework/spring-context/5.1.10.RELEASE/spring-context-5.1.10.RELEASE.jar:/home/safargalin/.m2/repository/org/springframework/spring-expression/5.1.10.RELEASE/spring-expression-5.1.10.RELEASE.jar:/home/safargalin/.m2/repository/org/springframework/spring-aop/5.1.10.RELEASE/spring-aop-5.1.10.RELEASE.jar:/home/safargalin/.m2/repository/org/springframework/spring-tx/5.1.10.RELEASE/spring-tx-5.1.10.RELEASE.jar:/home/safargalin/.m2/repository/org/springframework/spring-beans/5.1.10.RELEASE/spring-beans-5.1.10.RELEASE.jar:/home/safargalin/.m2/repository/org/springframework/spring-core/5.1.10.RELEASE/spring-core-5.1.10.RELEASE.jar:/home/safargalin/.m2/repository/org/springframework/spring-jcl/5.1.10.RELEASE/spring-jcl-5.1.10.RELEASE.jar:/home/safargalin/.m2/repository/org/aspectj/aspectjrt/1.9.4/aspectjrt-1.9.4.jar:/home/safargalin/.m2/repository/org/slf4j/slf4j-api/1.7.28/slf4j-api-1.7.28.jar:/home/safargalin/.m2/repository/javax/ws/rs/javax.ws.rs-api/2.1.1/javax.ws.rs-api-2.1.1.jar:/home/safargalin/.m2/repository/ru/ilb/debtaccounting/debtaccounting-api/1.1-SNAPSHOT/debtaccounting-api-1.1-SNAPSHOT.jar:/home/safargalin/.m2/repository/ru/ilb/common/common-jaxb/1.33/common-jaxb-1.33.jar:/home/safargalin/.m2/repository/javax/xml/bind/jaxb-api/2.3.1/jaxb-api-2.3.1.jar:/home/safargalin/.m2/repository/com/migesok/jaxb-java-time-adapters/1.1.3/jaxb-java-time-adapters-1.1.3.jar:/home/safargalin/.m2/repository/org/apache/xmlgraphics/fop/2.2/fop-2.2.jar:/home/safargalin/.m2/repository/org/apache/xmlgraphics/xmlgraphics-commons/2.2/xmlgraphics-commons-2.2.jar:/home/safargalin/.m2/repository/org/apache/xmlgraphics/batik-svg-dom/1.9/batik-svg-dom-1.9.jar:/home/safargalin/.m2/repository/org/apache/xmlgraphics/batik-css/1.9/batik-css-1.9.jar:/home/safargalin/.m2/repository/org/apache/xmlgraphics/batik-dom/1.9/batik-dom-1.9.jar:/home/safargalin/.m2/repository/org/apache/xmlgraphics/batik-parser/1.9/batik-parser-1.9.jar:/home/safargalin/.m2/repository/org/apache/xmlgraphics/batik-util/1.9/batik-util-1.9.jar:/home/safargalin/.m2/repository/org/apache/xmlgraphics/batik-constants/1.9/batik-constants-1.9.jar:/home/safargalin/.m2/repository/org/apache/xmlgraphics/batik-i18n/1.9/batik-i18n-1.9.jar:/home/safargalin/.m2/repository/xml-apis/xml-apis/1.4.01/xml-apis-1.4.01.jar:/home/safargalin/.m2/repository/xml-apis/xml-apis-ext/1.3.04/xml-apis-ext-1.3.04.jar:/home/safargalin/.m2/repository/org/apache/xmlgraphics/batik-bridge/1.9/batik-bridge-1.9.jar:/home/safargalin/.m2/repository/org/apache/xmlgraphics/batik-anim/1.9/batik-anim-1.9.jar:/home/safargalin/.m2/repository/org/apache/xmlgraphics/batik-script/1.9/batik-script-1.9.jar:/home/safargalin/.m2/repository/org/apache/xmlgraphics/batik-xml/1.9/batik-xml-1.9.jar:/home/safargalin/.m2/repository/org/apache/xmlgraphics/batik-awt-util/1.9/batik-awt-util-1.9.jar:/home/safargalin/.m2/repository/org/apache/xmlgraphics/batik-gvt/1.9/batik-gvt-1.9.jar:/home/safargalin/.m2/repository/org/apache/xmlgraphics/batik-transcoder/1.9/batik-transcoder-1.9.jar:/home/safargalin/.m2/repository/org/apache/xmlgraphics/batik-svggen/1.9/batik-svggen-1.9.jar:/home/safargalin/.m2/repository/org/apache/xmlgraphics/batik-extension/1.9/batik-extension-1.9.jar:/home/safargalin/.m2/repository/org/apache/xmlgraphics/batik-ext/1.9/batik-ext-1.9.jar:/home/safargalin/.m2/repository/commons-logging/commons-logging/1.0.4/commons-logging-1.0.4.jar:/home/safargalin/.m2/repository/commons-io/commons-io/1.3.1/commons-io-1.3.1.jar:/home/safargalin/.m2/repository/org/apache/avalon/framework/avalon-framework-api/4.3.1/avalon-framework-api-4.3.1.jar:/home/safargalin/.m2/repository/org/apache/avalon/framework/avalon-framework-impl/4.3.1/avalon-framework-impl-4.3.1.jar:/home/safargalin/.m2/repository/org/apache/pdfbox/fontbox/2.0.4/fontbox-2.0.4.jar:/home/safargalin/.m2/repository/xalan/xalan/2.7.2/xalan-2.7.2.jar:/home/safargalin/.m2/repository/xalan/serializer/2.7.2/serializer-2.7.2.jar:/home/safargalin/.m2/repository/org/json/json/20180813/json-20180813.jar:"/>
    <property name="sun.cpu.endian" value="little"/>
    <property name="user.home" value="/home/safargalin"/>
    <property name="user.language" value="ru"/>
    <property name="java.specification.vendor" value="Oracle Corporation"/>
    <property name="java.home" value="/opt/icedtea-bin-3.9.0/jre"/>
    <property name="basedir" value="/home/safargalin/work/debtaccounting/debtaccounting-testcase"/>
    <property name="file.separator" value="/"/>
    <property name="line.separator" value="&#10;"/>
    <property name="java.vm.specification.vendor" value="Oracle Corporation"/>
    <property name="java.specification.name" value="Java Platform API Specification"/>
    <property name="java.awt.graphicsenv" value="sun.awt.X11GraphicsEnvironment"/>
    <property name="surefire.real.class.path" value="/home/safargalin/work/debtaccounting/debtaccounting-testcase/target/surefire/surefirebooter6138736934079009657.jar"/>
    <property name="sun.boot.class.path" value="/opt/icedtea-bin-3.9.0/jre/lib/resources.jar:/opt/icedtea-bin-3.9.0/jre/lib/rt.jar:/opt/icedtea-bin-3.9.0/jre/lib/sunrsasign.jar:/opt/icedtea-bin-3.9.0/jre/lib/jsse.jar:/opt/icedtea-bin-3.9.0/jre/lib/jce.jar:/opt/icedtea-bin-3.9.0/jre/lib/charsets.jar:/opt/icedtea-bin-3.9.0/jre/lib/jfr.jar:/opt/icedtea-bin-3.9.0/jre/classes"/>
    <property name="sun.management.compiler" value="HotSpot 64-Bit Tiered Compilers"/>
    <property name="java.runtime.version" value="1.8.0_181-b13"/>
    <property name="user.name" value="safargalin"/>
    <property name="path.separator" value=":"/>
    <property name="os.version" value="4.9.177-gentoo-r9000_p2_amd64"/>
    <property name="java.endorsed.dirs" value="/opt/icedtea-bin-3.9.0/jre/lib/endorsed"/>
    <property name="java.runtime.name" value="OpenJDK Runtime Environment"/>
    <property name="file.encoding" value="UTF-8"/>
    <property name="java.vm.name" value="OpenJDK 64-Bit Server VM"/>
    <property name="maven.ext.class.path" value="/opt/netbeans-12.0/java/maven-nblib/netbeans-eventspy.jar"/>
    <property name="localRepository" value="/home/safargalin/.m2/repository"/>
    <property name="java.vendor.url.bug" value="http://bugreport.sun.com/bugreport/"/>
    <property name="java.io.tmpdir" value="/tmp"/>
    <property name="java.version" value="1.8.0_181"/>
    <property name="user.dir" value="/home/safargalin/work/debtaccounting/debtaccounting-testcase"/>
    <property name="os.arch" value="amd64"/>
    <property name="java.vm.specification.name" value="Java Virtual Machine Specification"/>
    <property name="java.awt.printerjob" value="sun.print.PSPrinterJob"/>
    <property name="sun.os.patch.level" value="unknown"/>
    <property name="java.library.path" value="/usr/java/packages/lib/amd64:/usr/lib64:/lib64:/lib:/usr/lib"/>
    <property name="java.vm.info" value="mixed mode"/>
    <property name="java.vendor" value="Oracle Corporation"/>
    <property name="java.vm.version" value="25.181-b13"/>
    <property name="java.ext.dirs" value="/opt/icedtea-bin-3.9.0/jre/lib/ext:/usr/java/packages/lib/ext"/>
    <property name="sun.io.unicode.encoding" value="UnicodeLittle"/>
    <property name="java.class.version" value="52.0"/>
  </properties>
  <testcase name="testConvertValue2" classname="ru.ilb.debtaccounting.testcase.ValueConverterTest" time="0.002"/>
  <testcase name="testConvertValue" classname="ru.ilb.debtaccounting.testcase.ValueConverterTest" time="0.004"/>
</testsuite>